<?xml version="1.0" encoding="UTF-8"?>
<!-- Generated by org.testng.reporters.JUnitReportReporter -->
<testsuite hostname="DIN80016857" name="com.ge.corp.DigitalConnect.ec_automationpoc.scripts.TestBase" tests="1" failures="0" timestamp="20 Jan 2020 11:21:01 GMT" time="14.912" errors="0">
  <testcase name="initialization" time="14.912" classname="com.ge.corp.DigitalConnect.ec_automationpoc.scripts.TestBase"/>
</testsuite> <!-- com.ge.corp.DigitalConnect.ec_automationpoc.scripts.TestBase -->
