<?xml version="1.0" encoding="UTF-8"?>
<!-- Generated by org.testng.reporters.JUnitReportReporter -->
<testsuite hostname="DIN80016857" name="com.ge.corp.DigitalConnect.ec_automationpoc.scripts.TestConnection" tests="1" failures="0" timestamp="8 Jan 2020 10:00:11 GMT" time="0.022" errors="0">
  <testcase name="ecSetup" time="0.022" classname="com.ge.corp.DigitalConnect.ec_automationpoc.scripts.TestConnection"/>
</testsuite> <!-- com.ge.corp.DigitalConnect.ec_automationpoc.scripts.TestConnection -->
