<?xml version="1.0" encoding="UTF-8"?>
<!-- Generated by org.testng.reporters.JUnitReportReporter -->
<testsuite hostname="DIN80016857" name="com.ge.corp.DigitalConnect.ec_automationpoc.scripts.CF_Login" tests="1" failures="0" timestamp="16 Dec 2019 14:44:55 GMT" time="0.031" errors="0">
  <testcase name="cfLogin" time="0.031" classname="com.ge.corp.DigitalConnect.ec_automationpoc.scripts.CF_Login"/>
</testsuite> <!-- com.ge.corp.DigitalConnect.ec_automationpoc.scripts.CF_Login -->
