<?xml version="1.0" encoding="UTF-8"?>
<!-- Generated by org.testng.reporters.JUnitReportReporter -->
<testsuite hostname="DIN80016857" name="com.ge.corp.DigitalConnect.ec_automationpoc.scripts.EC_Setup" tests="3" failures="0" timestamp="7 Feb 2020 09:09:18 GMT" time="12.789" errors="0">
  <testcase name="cfLogin" time="10.889" classname="com.ge.corp.DigitalConnect.ec_automationpoc.scripts.EC_Setup"/>
  <testcase name="createUAA_Secret_JSONFile" time="0.999" classname="com.ge.corp.DigitalConnect.ec_automationpoc.scripts.EC_Setup"/>
  <testcase name="create_UAA_Service" time="0.901" classname="com.ge.corp.DigitalConnect.ec_automationpoc.scripts.EC_Setup"/>
</testsuite> <!-- com.ge.corp.DigitalConnect.ec_automationpoc.scripts.EC_Setup -->
