<?xml version="1.0" encoding="UTF-8"?>
<!-- Generated by org.testng.reporters.JUnitReportReporter -->
<testsuite hostname="DIN80016857" name="com.ge.corp.DigitalConnect.ec_automationpoc.scripts.DeleteService" tests="5" failures="0" timestamp="10 Feb 2020 10:45:51 GMT" time="25.169" errors="0">
  <testcase name="deleteService" time="2.444" classname="com.ge.corp.DigitalConnect.ec_automationpoc.scripts.DeleteService"/>
  <testcase name="deleteGateway" time="3.652" classname="com.ge.corp.DigitalConnect.ec_automationpoc.scripts.DeleteService"/>
  <testcase name="stopGateway" time="2.448" classname="com.ge.corp.DigitalConnect.ec_automationpoc.scripts.DeleteService"/>
  <testcase name="cfLogin" time="14.064" classname="com.ge.corp.DigitalConnect.ec_automationpoc.scripts.DeleteService"/>
  <testcase name="deleteServiceKey" time="2.561" classname="com.ge.corp.DigitalConnect.ec_automationpoc.scripts.DeleteService"/>
</testsuite> <!-- com.ge.corp.DigitalConnect.ec_automationpoc.scripts.DeleteService -->
